building the system configuration...
error:
       … while calling the 'head' builtin
         at /nix/store/lc5bxq4vsgpjjc7i9phdm8s0bxjz0drm-source/lib/attrsets.nix:1534:13:
         1533|           if length values == 1 || pred here (elemAt values 1) (head values) then
         1534|             head values
             |             ^
         1535|           else

       … while evaluating the attribute 'value'
         at /nix/store/lc5bxq4vsgpjjc7i9phdm8s0bxjz0drm-source/lib/modules.nix:992:7:
          991|     // {
          992|       value = addErrorContext "while evaluating the option `${showOption loc}':" value;
             |       ^
          993|       inherit (res.defsFinal') highestPrio;

       … while evaluating the option `system.build.toplevel':

       … while evaluating definitions from `/nix/store/lc5bxq4vsgpjjc7i9phdm8s0bxjz0drm-source/nixos/modules/system/activation/top-level.nix':

       … while evaluating the option `system.systemBuilderArgs':

       … while evaluating definitions from `/nix/store/lc5bxq4vsgpjjc7i9phdm8s0bxjz0drm-source/nixos/modules/system/activation/activatable-system.nix':

       … while evaluating the option `system.activationScripts.etc.text':

       … while evaluating definitions from `/nix/store/lc5bxq4vsgpjjc7i9phdm8s0bxjz0drm-source/nixos/modules/system/etc/etc-activation.nix':

       … while evaluating definitions from `/nix/store/lc5bxq4vsgpjjc7i9phdm8s0bxjz0drm-source/nixos/modules/system/etc/etc.nix':

       … while evaluating the option `environment.etc."nixos-containers/n8n-server.conf".source':

       … while evaluating definitions from `/nix/store/lc5bxq4vsgpjjc7i9phdm8s0bxjz0drm-source/nixos/modules/system/etc/etc.nix':

       … while evaluating the option `environment.etc."nixos-containers/n8n-server.conf".text':

       … while evaluating definitions from `/nix/store/lc5bxq4vsgpjjc7i9phdm8s0bxjz0drm-source/nixos/modules/virtualisation/nixos-containers.nix':

       … while evaluating the option `containers.n8n-server.path':

       … while evaluating definitions from `/nix/store/lc5bxq4vsgpjjc7i9phdm8s0bxjz0drm-source/nixos/modules/virtualisation/nixos-containers.nix':

       … while evaluating the option `containers.n8n-server.system.build.toplevel':

       … while evaluating definitions from `/nix/store/lc5bxq4vsgpjjc7i9phdm8s0bxjz0drm-source/nixos/modules/system/activation/top-level.nix':

       … while evaluating the option `containers.n8n-server.warnings':

       … while evaluating definitions from `/nix/store/lc5bxq4vsgpjjc7i9phdm8s0bxjz0drm-source/nixos/modules/system/boot/systemd.nix':

       … while evaluating the option `containers.n8n-server.systemd.services.n8n.serviceConfig':

       … while evaluating definitions from `/nix/store/lc5bxq4vsgpjjc7i9phdm8s0bxjz0drm-source/nixos/modules/virtualisation/nixos-containers.nix':

       (stack trace truncated; use '--show-trace' to show the full, detailed trace)

       error: invalid SRI hash 'xxxxxxxxxxxxxxxxxxxxxxxxxxxxxxxxxx'
Command 'nix --extra-experimental-features 'nix-command flakes' build --print-out-paths '.#nixosConfigurations."homelab".config.system.build.toplevel' --print-build-logs --dry-run' returned non-zero exit status 1.
